<?xml version="1.0" encoding="UTF-8"?>
<!-- Generated by org.testng.reporters.JUnitReportReporter -->
<testsuite name="sample.TestMaven" tests="1" time="0.015" ignored="0" failures="0" timestamp="07 May 2017 02:33:59 GMT" skipped="0" hostname="PRIDEVAR-FX1B9" errors="0">
  <testcase name="testMaven" time="0.015" classname="sample.TestMaven"/>
</testsuite> <!-- sample.TestMaven -->
